# JRE version: OpenJDK Runtime Environment Temurin-17.0.9+9 (17.0.9+9) (build 17.0.9+9)
# Java VM: OpenJDK 64-Bit Server VM Temurin-17.0.9+9 (17.0.9+9, mixed mode, sharing, tiered, compressed oops, compressed class ptrs, g1 gc, windows-amd64)
GC Precious Log:
 CPUs: 4 total, 4 available
 Memory: 8084M
 Large Page Support: Disabled
 NUMA Support: Disabled
 Compressed Oops: Enabled (32-bit)
 Heap Region Size: 1M
 Heap Min Capacity: 8M
 Heap Initial Capacity: 128M
 Heap Max Capacity: 2022M
 Pre-touch: Disabled
 Parallel Workers: 4
 Concurrent Workers: 1
 Concurrent Refinement Workers: 4
 Periodic GC: Disabled
Heap:
 garbage-first heap   total 58368K, used 33938K [0x0000000081a00000, 0x0000000100000000)
  region size 1024K, 6 young (6144K), 2 survivors (2048K)
 Metaspace       used 64258K, committed 64832K, reserved 1114112K
  class space    used 8873K, committed 9152K, reserved 1048576K
GC Heap History (20 events):
Event: 12.891 GC heap before
{Heap before GC invocations=10 (full 0):
 garbage-first heap   total 58368K, used 29173K [0x0000000081a00000, 0x0000000100000000)
  region size 1024K, 11 young (11264K), 2 survivors (2048K)
 Metaspace       used 35589K, committed 35968K, reserved 1114112K
  class space    used 4577K, committed 4736K, reserved 1048576K
}
Event: 12.897 GC heap after
{Heap after GC invocations=11 (full 0):
 garbage-first heap   total 58368K, used 21062K [0x0000000081a00000, 0x0000000100000000)
  region size 1024K, 2 young (2048K), 2 survivors (2048K)
 Metaspace       used 35589K, committed 35968K, reserved 1114112K
  class space    used 4577K, committed 4736K, reserved 1048576K
}
Event: 15.467 GC heap before
{Heap before GC invocations=12 (full 0):
 garbage-first heap   total 58368K, used 44614K [0x0000000081a00000, 0x0000000100000000)
  region size 1024K, 26 young (26624K), 2 survivors (2048K)
 Metaspace       used 41537K, committed 41984K, reserved 1114112K
  class space    used 5418K, committed 5632K, reserved 1048576K
}
Event: 15.475 GC heap after
{Heap after GC invocations=13 (full 0):
 garbage-first heap   total 58368K, used 22463K [0x0000000081a00000, 0x0000000100000000)
  region size 1024K, 4 young (4096K), 4 survivors (4096K)
 Metaspace       used 41537K, committed 41984K, reserved 1114112K
  class space    used 5418K, committed 5632K, reserved 1048576K
}
Event: 15.612 GC heap before
{Heap before GC invocations=13 (full 0):
 garbage-first heap   total 58368K, used 23487K [0x0000000081a00000, 0x0000000100000000)
  region size 1024K, 5 young (5120K), 4 survivors (4096K)
 Metaspace       used 41715K, committed 42112K, reserved 1114112K
  class space    used 5443K, committed 5632K, reserved 1048576K
}
Event: 15.621 GC heap after
{Heap after GC invocations=14 (full 0):
 garbage-first heap   total 58368K, used 22129K [0x0000000081a00000, 0x0000000100000000)
  region size 1024K, 1 young (1024K), 1 survivors (1024K)
 Metaspace       used 41715K, committed 42112K, reserved 1114112K
  class space    used 5443K, committed 5632K, reserved 1048576K
}
Event: 17.335 GC heap before
{Heap before GC invocations=14 (full 0):
 garbage-first heap   total 58368K, used 43633K [0x0000000081a00000, 0x0000000100000000)
  region size 1024K, 23 young (23552K), 1 survivors (1024K)
 Metaspace       used 47184K, committed 47616K, reserved 1114112K
  class space    used 6237K, committed 6464K, reserved 1048576K
}
Event: 17.338 GC heap after
{Heap after GC invocations=15 (full 0):
 garbage-first heap   total 58368K, used 22882K [0x0000000081a00000, 0x0000000100000000)
  region size 1024K, 2 young (2048K), 2 survivors (2048K)
 Metaspace       used 47184K, committed 47616K, reserved 1114112K
  class space    used 6237K, committed 6464K, reserved 1048576K
}
Event: 19.306 GC heap before
{Heap before GC invocations=15 (full 0):
 garbage-first heap   total 58368K, used 44386K [0x0000000081a00000, 0x0000000100000000)
  region size 1024K, 24 young (24576K), 2 survivors (2048K)
 Metaspace       used 52060K, committed 52480K, reserved 1114112K
  class space    used 7032K, committed 7232K, reserved 1048576K
}
Event: 19.311 GC heap after
{Heap after GC invocations=16 (full 0):
 garbage-first heap   total 58368K, used 23708K [0x0000000081a00000, 0x0000000100000000)
  region size 1024K, 2 young (2048K), 2 survivors (2048K)
 Metaspace       used 52060K, committed 52480K, reserved 1114112K
  class space    used 7032K, committed 7232K, reserved 1048576K
}
Event: 21.139 GC heap before
{Heap before GC invocations=16 (full 0):
 garbage-first heap   total 58368K, used 46236K [0x0000000081a00000, 0x0000000100000000)
  region size 1024K, 25 young (25600K), 2 survivors (2048K)
 Metaspace       used 56629K, committed 57088K, reserved 1114112K
  class space    used 7643K, committed 7872K, reserved 1048576K
}
Event: 21.146 GC heap after
{Heap after GC invocations=17 (full 0):
 garbage-first heap   total 58368K, used 25270K [0x0000000081a00000, 0x0000000100000000)
  region size 1024K, 4 young (4096K), 4 survivors (4096K)
 Metaspace       used 56629K, committed 57088K, reserved 1114112K
  class space    used 7643K, committed 7872K, reserved 1048576K
}
Event: 22.783 GC heap before
{Heap before GC invocations=17 (full 0):
 garbage-first heap   total 58368K, used 46774K [0x0000000081a00000, 0x0000000100000000)
  region size 1024K, 25 young (25600K), 4 survivors (4096K)
 Metaspace       used 59266K, committed 59776K, reserved 1114112K
  class space    used 8052K, committed 8320K, reserved 1048576K
}
Event: 22.792 GC heap after
{Heap after GC invocations=18 (full 0):
 garbage-first heap   total 58368K, used 26697K [0x0000000081a00000, 0x0000000100000000)
  region size 1024K, 3 young (3072K), 3 survivors (3072K)
 Metaspace       used 59266K, committed 59776K, reserved 1114112K
  class space    used 8052K, committed 8320K, reserved 1048576K
}
Event: 23.559 GC heap before
{Heap before GC invocations=18 (full 0):
 garbage-first heap   total 58368K, used 40009K [0x0000000081a00000, 0x0000000100000000)
  region size 1024K, 17 young (17408K), 3 survivors (3072K)
 Metaspace       used 59922K, committed 60480K, reserved 1114112K
  class space    used 8152K, committed 8448K, reserved 1048576K
}
Event: 23.567 GC heap after
{Heap after GC invocations=19 (full 0):
 garbage-first heap   total 58368K, used 27682K [0x0000000081a00000, 0x0000000100000000)
  region size 1024K, 3 young (3072K), 3 survivors (3072K)
 Metaspace       used 59922K, committed 60480K, reserved 1114112K
  class space    used 8152K, committed 8448K, reserved 1048576K
}
Event: 24.737 GC heap before
{Heap before GC invocations=20 (full 0):
 garbage-first heap   total 58368K, used 47138K [0x0000000081a00000, 0x0000000100000000)
  region size 1024K, 22 young (22528K), 3 survivors (3072K)
 Metaspace       used 61596K, committed 62208K, reserved 1114112K
  class space    used 8478K, committed 8768K, reserved 1048576K
}
Event: 24.746 GC heap after
{Heap after GC invocations=21 (full 0):
 garbage-first heap   total 58368K, used 29222K [0x0000000081a00000, 0x0000000100000000)
  region size 1024K, 3 young (3072K), 3 survivors (3072K)
 Metaspace       used 61596K, committed 62208K, reserved 1114112K
  class space    used 8478K, committed 8768K, reserved 1048576K
}
Event: 26.985 GC heap before
{Heap before GC invocations=21 (full 0):
 garbage-first heap   total 58368K, used 47654K [0x0000000081a00000, 0x0000000100000000)
  region size 1024K, 21 young (21504K), 3 survivors (3072K)
 Metaspace       used 63838K, committed 64448K, reserved 1114112K
  class space    used 8817K, committed 9088K, reserved 1048576K
}
Event: 26.994 GC heap after
{Heap after GC invocations=22 (full 0):
 garbage-first heap   total 58368K, used 30866K [0x0000000081a00000, 0x0000000100000000)
  region size 1024K, 2 young (2048K), 2 survivors (2048K)
 Metaspace       used 63838K, committed 64448K, reserved 1114112K
  class space    used 8817K, committed 9088K, reserved 1048576K
}

